
> vite-template-solid@0.0.0 dev
> vite


  VITE v4.3.9  ready in 457 ms

  ➜  Local:   http://localhost:3000/
  ➜  Network: use --host to expose

> vite-template-solid@0.0.0 dev
> vite


  VITE v4.3.9  ready in 349 ms

  ➜  Local:   http://localhost:3000/
  ➜  Network: use --host to expose
10:36:34 PM [vite] hmr update /src/components/Game/Interface/GameStatusDisplay.tsx
10:43:04 PM [vite] hmr update /src/components/Game/Interface/GameStatusDisplay.tsx
10:43:19 PM [vite] hmr update /src/components/Game/Game.tsx
10:50:07 PM [vite] hmr update /src/components/Home/Home.tsx
10:50:15 PM [vite] hmr update /src/components/Home/Home.tsx
10:51:00 PM [vite] hmr update /src/components/Home/Home.tsx
10:51:00 PM [vite] Internal server error: /home/alex/projects/crochess-solid/src/components/Home/Home.tsx: 'import' and 'export' may only appear at the top level. (67:8)

  65 |         const { gameId, playerColor } = JSON.parse(message.body) as GameIdMsg;
  66 |         setIdToCookie(gameId, playerColor.toLowerCase() as Colors, user);
> 67 |         export function setIdToCookie(
     |         ^
  68 |           gameId: string,
  69 |           color: Colors,
  70 |           userId: string
  Plugin: solid
  File: /home/alex/projects/crochess-solid/src/components/Home/Home.tsx:67:8
  65 |          const { gameId, playerColor } = JSON.parse(message.body) as GameIdMsg;
  66 |          setIdToCookie(gameId, playerColor.toLowerCase() as Colors, user);
  67 |          export function setIdToCookie(
     |          ^
  68 |            gameId: string,
  69 |            color: Colors,
      at instantiate (/home/alex/projects/crochess-solid/node_modules/@babel/parser/lib/index.js:63:32)
      at constructor (/home/alex/projects/crochess-solid/node_modules/@babel/parser/lib/index.js:358:12)
      at TypeScriptParserMixin.raise (/home/alex/projects/crochess-solid/node_modules/@babel/parser/lib/index.js:3255:19)
      at TypeScriptParserMixin.parseStatementContent (/home/alex/projects/crochess-solid/node_modules/@babel/parser/lib/index.js:12699:18)
      at TypeScriptParserMixin.parseStatementContent (/home/alex/projects/crochess-solid/node_modules/@babel/parser/lib/index.js:9382:18)
      at TypeScriptParserMixin.parseStatementLike (/home/alex/projects/crochess-solid/node_modules/@babel/parser/lib/index.js:12584:17)
      at TypeScriptParserMixin.parseStatementListItem (/home/alex/projects/crochess-solid/node_modules/@babel/parser/lib/index.js:12564:17)
      at TypeScriptParserMixin.parseBlockOrModuleBlockBody (/home/alex/projects/crochess-solid/node_modules/@babel/parser/lib/index.js:13185:61)
      at TypeScriptParserMixin.parseBlockBody (/home/alex/projects/crochess-solid/node_modules/@babel/parser/lib/index.js:13178:10)
      at TypeScriptParserMixin.parseBlock (/home/alex/projects/crochess-solid/node_modules/@babel/parser/lib/index.js:13166:10)
      at TypeScriptParserMixin.parseFunctionBody (/home/alex/projects/crochess-solid/node_modules/@babel/parser/lib/index.js:11947:24)
      at TypeScriptParserMixin.parseArrowExpression (/home/alex/projects/crochess-solid/node_modules/@babel/parser/lib/index.js:11922:10)
      at TypeScriptParserMixin.parseParenAndDistinguishExpression (/home/alex/projects/crochess-solid/node_modules/@babel/parser/lib/index.js:11525:12)
      at TypeScriptParserMixin.parseExprAtom (/home/alex/projects/crochess-solid/node_modules/@babel/parser/lib/index.js:11164:23)
      at TypeScriptParserMixin.parseExprAtom (/home/alex/projects/crochess-solid/node_modules/@babel/parser/lib/index.js:6974:20)
      at TypeScriptParserMixin.parseExprSubscripts (/home/alex/projects/crochess-solid/node_modules/@babel/parser/lib/index.js:10890:23)
      at TypeScriptParserMixin.parseUpdate (/home/alex/projects/crochess-solid/node_modules/@babel/parser/lib/index.js:10873:21)
      at TypeScriptParserMixin.parseMaybeUnary (/home/alex/projects/crochess-solid/node_modules/@babel/parser/lib/index.js:10849:23)
      at TypeScriptParserMixin.parseMaybeUnary (/home/alex/projects/crochess-solid/node_modules/@babel/parser/lib/index.js:9738:18)
      at TypeScriptParserMixin.parseMaybeUnaryOrPrivate (/home/alex/projects/crochess-solid/node_modules/@babel/parser/lib/index.js:10687:61)
      at TypeScriptParserMixin.parseExprOps (/home/alex/projects/crochess-solid/node_modules/@babel/parser/lib/index.js:10692:23)
      at TypeScriptParserMixin.parseMaybeConditional (/home/alex/projects/crochess-solid/node_modules/@babel/parser/lib/index.js:10669:23)
      at TypeScriptParserMixin.parseMaybeAssign (/home/alex/projects/crochess-solid/node_modules/@babel/parser/lib/index.js:10630:21)
      at TypeScriptParserMixin.parseMaybeAssign (/home/alex/projects/crochess-solid/node_modules/@babel/parser/lib/index.js:9685:20)
      at /home/alex/projects/crochess-solid/node_modules/@babel/parser/lib/index.js:10600:39
      at TypeScriptParserMixin.allowInAnd (/home/alex/projects/crochess-solid/node_modules/@babel/parser/lib/index.js:12280:12)
      at TypeScriptParserMixin.parseMaybeAssignAllowIn (/home/alex/projects/crochess-solid/node_modules/@babel/parser/lib/index.js:10600:17)
      at TypeScriptParserMixin.parseExprListItem (/home/alex/projects/crochess-solid/node_modules/@babel/parser/lib/index.js:12032:18)
      at TypeScriptParserMixin.parseCallExpressionArguments (/home/alex/projects/crochess-solid/node_modules/@babel/parser/lib/index.js:11087:22)
      at TypeScriptParserMixin.parseCoverCallAndAsyncArrowHead (/home/alex/projects/crochess-solid/node_modules/@babel/parser/lib/index.js:10997:29)
      at TypeScriptParserMixin.parseSubscript (/home/alex/projects/crochess-solid/node_modules/@babel/parser/lib/index.js:10932:19)
      at TypeScriptParserMixin.parseSubscript (/home/alex/projects/crochess-solid/node_modules/@babel/parser/lib/index.js:9209:18)
      at TypeScriptParserMixin.parseSubscripts (/home/alex/projects/crochess-solid/node_modules/@babel/parser/lib/index.js:10903:19)
      at TypeScriptParserMixin.parseExprSubscripts (/home/alex/projects/crochess-solid/node_modules/@babel/parser/lib/index.js:10894:17)
      at TypeScriptParserMixin.parseUpdate (/home/alex/projects/crochess-solid/node_modules/@babel/parser/lib/index.js:10873:21)
      at TypeScriptParserMixin.parseMaybeUnary (/home/alex/projects/crochess-solid/node_modules/@babel/parser/lib/index.js:10849:23)
      at TypeScriptParserMixin.parseMaybeUnary (/home/alex/projects/crochess-solid/node_modules/@babel/parser/lib/index.js:9738:18)
      at TypeScriptParserMixin.parseMaybeUnaryOrPrivate (/home/alex/projects/crochess-solid/node_modules/@babel/parser/lib/index.js:10687:61)
      at TypeScriptParserMixin.parseExprOps (/home/alex/projects/crochess-solid/node_modules/@babel/parser/lib/index.js:10692:23)
      at TypeScriptParserMixin.parseMaybeConditional (/home/alex/projects/crochess-solid/node_modules/@babel/parser/lib/index.js:10669:23)
      at TypeScriptParserMixin.parseMaybeAssign (/home/alex/projects/crochess-solid/node_modules/@babel/parser/lib/index.js:10630:21)
      at TypeScriptParserMixin.parseMaybeAssign (/home/alex/projects/crochess-solid/node_modules/@babel/parser/lib/index.js:9685:20)
      at /home/alex/projects/crochess-solid/node_modules/@babel/parser/lib/index.js:10600:39
      at TypeScriptParserMixin.allowInAnd (/home/alex/projects/crochess-solid/node_modules/@babel/parser/lib/index.js:12275:16)
      at TypeScriptParserMixin.parseMaybeAssignAllowIn (/home/alex/projects/crochess-solid/node_modules/@babel/parser/lib/index.js:10600:17)
      at TypeScriptParserMixin.parseVar (/home/alex/projects/crochess-solid/node_modules/@babel/parser/lib/index.js:13257:91)
      at TypeScriptParserMixin.parseVarStatement (/home/alex/projects/crochess-solid/node_modules/@babel/parser/lib/index.js:13096:10)
      at TypeScriptParserMixin.parseVarStatement (/home/alex/projects/crochess-solid/node_modules/@babel/parser/lib/index.js:9348:31)
      at TypeScriptParserMixin.parseStatementContent (/home/alex/projects/crochess-solid/node_modules/@babel/parser/lib/index.js:12679:23)
      at TypeScriptParserMixin.parseStatementContent (/home/alex/projects/crochess-solid/node_modules/@babel/parser/lib/index.js:9382:18)
10:51:00 PM [vite] hmr invalidate /src/components/Home/Home.tsx
10:51:00 PM [vite] hmr update /src/App.tsx
/home/alex/projects/crochess-solid/src/components/Home/Home.tsx: 'import' and 'export' may only appear at the top level. (67:8)

  65 |         const { gameId, playerColor } = JSON.parse(message.body) as GameIdMsg;
  66 |         setIdToCookie(gameId, playerColor.toLowerCase() as Colors, user);
> 67 |         export function setIdToCookie(
     |         ^
  68 |           gameId: string,
  69 |           color: Colors,
  70 |           userId: string
10:51:00 PM [vite] hmr invalidate /src/App.tsx
10:51:00 PM [vite] hmr update /src/index.tsx
10:51:00 PM [vite] hmr invalidate /src/index.tsx
10:51:05 PM [vite] hmr update /src/components/Home/Home.tsx
10:51:14 PM [vite] hmr update /src/components/Home/Home.tsx
10:51:19 PM [vite] hmr update /src/components/Home/Home.tsx
10:51:27 PM [vite] hmr update /src/components/Home/Home.tsx
10:52:09 PM [vite] hmr update /src/components/Home/Home.tsx
10:52:16 PM [vite] hmr update /src/components/Home/Home.tsx
10:52:36 PM [vite] hmr update /src/components/Home/Home.tsx
10:52:42 PM [vite] hmr update /src/components/Home/Home.tsx
10:52:48 PM [vite] hmr update /src/components/Home/Home.tsx
10:52:57 PM [vite] hmr update /src/components/Home/Home.tsx
10:53:01 PM [vite] hmr update /src/components/Home/Home.tsx
10:53:34 PM [vite] hmr update /src/components/Home/Home.tsx
